<?xml version="1.0" encoding="UTF-8"?>
<testng-results ignored="0" total="4" passed="4" failed="0" skipped="0">
  <reporter-output>
  </reporter-output>
  <suite started-at="2024-10-02T15:48:32 IST" name="Para Bank Automation Testing" finished-at="2024-10-02T15:49:31 IST" duration-ms="58458">
    <groups>
      <group name="cucumber">
        <method signature="AbstractTestNGCucumberTests.runScenario(io.cucumber.testng.PickleWrapper,io.cucumber.testng.FeatureWrapper)[pri:0, instance:TestRunner@e056f20]" name="runScenario" class="io.cucumber.testng.AbstractTestNGCucumberTests"/>
      </group> <!-- cucumber -->
    </groups>
    <test started-at="2024-10-02T15:48:32 IST" name="ChromeTest" finished-at="2024-10-02T15:49:31 IST" duration-ms="58458">
      <class name="TestRunner">
        <test-method is-config="true" signature="setUpClass(org.testng.ITestContext)[pri:0, instance:TestRunner@e056f20]" started-at="2024-10-02T15:48:32 IST" name="setUpClass" finished-at="2024-10-02T15:48:32 IST" duration-ms="220" status="PASS">
          <params>
            <param index="0">
              <value>
                <![CDATA[org.testng.TestRunner@77ee25f1]]>
              </value>
            </param>
          </params>
          <reporter-output>
          </reporter-output>
        </test-method> <!-- setUpClass -->
        <test-method signature="runScenario(io.cucumber.testng.PickleWrapper,io.cucumber.testng.FeatureWrapper)[pri:0, instance:TestRunner@e056f20]" started-at="2024-10-02T15:48:32 IST" name="runScenario" description="Runs Cucumber Scenarios" data-provider="scenarios" finished-at="2024-10-02T15:48:59 IST" duration-ms="26754" status="PASS">
          <params>
            <param index="0">
              <value>
                <![CDATA["Register a new account to ParaBank portal successfully"]]>
              </value>
            </param>
            <param index="1">
              <value>
                <![CDATA["ParaBank Register, login, create account and bill payment automation testing"]]>
              </value>
            </param>
          </params>
          <reporter-output>
          </reporter-output>
        </test-method> <!-- runScenario -->
        <test-method signature="runScenario(io.cucumber.testng.PickleWrapper,io.cucumber.testng.FeatureWrapper)[pri:0, instance:TestRunner@e056f20]" started-at="2024-10-02T15:48:59 IST" name="runScenario" description="Runs Cucumber Scenarios" data-provider="scenarios" finished-at="2024-10-02T15:49:11 IST" duration-ms="11399" status="PASS">
          <params>
            <param index="0">
              <value>
                <![CDATA["Login to ParaBank portal successfully"]]>
              </value>
            </param>
            <param index="1">
              <value>
                <![CDATA["ParaBank Register, login, create account and bill payment automation testing"]]>
              </value>
            </param>
          </params>
          <reporter-output>
          </reporter-output>
        </test-method> <!-- runScenario -->
        <test-method signature="runScenario(io.cucumber.testng.PickleWrapper,io.cucumber.testng.FeatureWrapper)[pri:0, instance:TestRunner@e056f20]" started-at="2024-10-02T15:49:11 IST" name="runScenario" description="Runs Cucumber Scenarios" data-provider="scenarios" finished-at="2024-10-02T15:49:20 IST" duration-ms="8912" status="PASS">
          <params>
            <param index="0">
              <value>
                <![CDATA["Open new account"]]>
              </value>
            </param>
            <param index="1">
              <value>
                <![CDATA["ParaBank Register, login, create account and bill payment automation testing"]]>
              </value>
            </param>
          </params>
          <reporter-output>
          </reporter-output>
        </test-method> <!-- runScenario -->
        <test-method signature="runScenario(io.cucumber.testng.PickleWrapper,io.cucumber.testng.FeatureWrapper)[pri:0, instance:TestRunner@e056f20]" started-at="2024-10-02T15:49:20 IST" name="runScenario" description="Runs Cucumber Scenarios" data-provider="scenarios" finished-at="2024-10-02T15:49:31 IST" duration-ms="11131" status="PASS">
          <params>
            <param index="0">
              <value>
                <![CDATA["Transfer amount"]]>
              </value>
            </param>
            <param index="1">
              <value>
                <![CDATA["ParaBank Register, login, create account and bill payment automation testing"]]>
              </value>
            </param>
          </params>
          <reporter-output>
          </reporter-output>
        </test-method> <!-- runScenario -->
        <test-method is-config="true" signature="tearDownClass()[pri:0, instance:TestRunner@e056f20]" started-at="2024-10-02T15:49:31 IST" name="tearDownClass" finished-at="2024-10-02T15:49:31 IST" duration-ms="3" status="PASS">
          <reporter-output>
          </reporter-output>
        </test-method> <!-- tearDownClass -->
      </class> <!-- TestRunner -->
    </test> <!-- ChromeTest -->
  </suite> <!-- Para Bank Automation Testing -->
</testng-results>
