<?xml version="1.0" encoding="UTF-8"?>
<testsuite xmlns:xsi="http://www.w3.org/2001/XMLSchema-instance" xsi:noNamespaceSchemaLocation="https://maven.apache.org/surefire/maven-surefire-plugin/xsd/surefire-test-report-3.0.xsd" version="3.0" name="TestSuite" time="58.794" tests="4" errors="0" skipped="0" failures="0">
  <properties>
[...]
</properties>
  <testcase name="runScenario[&quot;Register a new account to ParaBank portal successfully&quot;, &quot;ParaBank Register, login, create account and bill payment automation testing&quot;](1)" classname="TestRunner" time="26.759">
    <system-out><![CDATA[Opening the browser...
User is on homepage? true
User is redirected to home page
Browser will remain open for the next scenario.
]]></system-out>
    <system-err><![CDATA[log4j:WARN No appenders could be found for logger (org.testng.TestNG).
log4j:WARN Please initialize the log4j system properly.
log4j:WARN See http://logging.apache.org/log4j/1.2/faq.html#noconfig for more info.
Oct 02, 2024 3:48:32 PM io.cucumber.testng.TestNGCucumberOptionsProvider warnWhenJUnitCucumberOptionsAreUsed
WARNING: Ignoring options provided by io.cucumber.junit.CucumberOptions on TestRunner. It is recommend to use separate runner classes for JUnit and TestNG.
Oct 02, 2024 3:48:33 PM org.openqa.selenium.devtools.CdpVersionFinder findNearestMatch
WARNING: Unable to find CDP implementation matching 120
Oct 02, 2024 3:48:33 PM org.openqa.selenium.chromium.ChromiumDriver lambda$new$5
WARNING: Unable to find version of CDP to use for 120.0.6099.224. You may need to include a dependency on a specific version of the CDP using something similar to `org.seleniumhq.selenium:selenium-devtools-v86:4.24.0` where the version ("v86") matches the version of the chromium-based browser you're using and the version number of the artifact is the same as Selenium's.
]]></system-err>
  </testcase>
  <testcase name="runScenario[&quot;Login to ParaBank portal successfully&quot;, &quot;ParaBank Register, login, create account and bill payment automation testing&quot;](2)" classname="TestRunner" time="11.399">
    <system-out><![CDATA[User logged in successfully!
Browser will remain open for the next scenario.
]]></system-out>
  </testcase>
  <testcase name="runScenario[&quot;Open new account&quot;, &quot;ParaBank Register, login, create account and bill payment automation testing&quot;](3)" classname="TestRunner" time="8.913">
    <system-out><![CDATA[Account openned successfully? true
Browser will remain open for the next scenario.
]]></system-out>
  </testcase>
  <testcase name="runScenario[&quot;Transfer amount&quot;, &quot;ParaBank Register, login, create account and bill payment automation testing&quot;](4)" classname="TestRunner" time="11.13">
    <system-out><![CDATA[Transfer completed? true
Closing the browser after the last scenario...
]]></system-out>
  </testcase>
</testsuite>